# JRE version: Java(TM) SE Runtime Environment (18.0.2+9) (build 18.0.2+9-61)
# Java VM: Java HotSpot(TM) 64-Bit Server VM (18.0.2+9-61, mixed mode, sharing, tiered, compressed oops, compressed class ptrs, g1 gc, windows-amd64)
GC Precious Log:
 CardTable entry size: 512
 Card Set container configuration: InlinePtr #cards 5 size 8 Array Of Cards #cards 12 size 40 Howl #buckets 4 coarsen threshold 1843 Howl Bitmap #cards 512 size 80 coarsen threshold 460 Card regions per heap region 1 cards per card region 2048
 CPUs: 4 total, 4 available
 Memory: 8058M
 Large Page Support: Disabled
 NUMA Support: Disabled
 Compressed Oops: Enabled (32-bit)
 Heap Region Size: 1M
 Heap Min Capacity: 8M
 Heap Initial Capacity: 126M
 Heap Max Capacity: 2G
 Pre-touch: Disabled
 Parallel Workers: 4
 Concurrent Workers: 1
 Concurrent Refinement Workers: 4
 Periodic GC: Disabled
Heap:
 garbage-first heap   total 362496K, used 214584K [0x0000000080000000, 0x0000000100000000)
  region size 1024K, 9 young (9216K), 9 survivors (9216K)
 Metaspace       used 157241K, committed 159936K, reserved 618496K
  class space    used 21008K, committed 22336K, reserved 421888K
GC Heap History (20 events):
Event: 839.816 GC heap after
{Heap after GC invocations=57 (full 0):
 garbage-first heap   total 311296K, used 167820K [0x0000000080000000, 0x0000000100000000)
  region size 1024K, 2 young (2048K), 2 survivors (2048K)
 Metaspace       used 124026K, committed 126400K, reserved 552960K
  class space    used 16598K, committed 17792K, reserved 421888K
}
Event: 840.331 GC heap before
{Heap before GC invocations=57 (full 0):
 garbage-first heap   total 311296K, used 192396K [0x0000000080000000, 0x0000000100000000)
  region size 1024K, 28 young (28672K), 2 survivors (2048K)
 Metaspace       used 124442K, committed 126848K, reserved 552960K
  class space    used 16650K, committed 17856K, reserved 421888K
}
Event: 840.337 GC heap after
{Heap after GC invocations=58 (full 0):
 garbage-first heap   total 311296K, used 169884K [0x0000000080000000, 0x0000000100000000)
  region size 1024K, 4 young (4096K), 4 survivors (4096K)
 Metaspace       used 124442K, committed 126848K, reserved 552960K
  class space    used 16650K, committed 17856K, reserved 421888K
}
Event: 841.935 GC heap before
{Heap before GC invocations=59 (full 0):
 garbage-first heap   total 321536K, used 253852K [0x0000000080000000, 0x0000000100000000)
  region size 1024K, 86 young (88064K), 4 survivors (4096K)
 Metaspace       used 129919K, committed 132416K, reserved 552960K
  class space    used 17402K, committed 18624K, reserved 421888K
}
Event: 841.954 GC heap after
{Heap after GC invocations=60 (full 0):
 garbage-first heap   total 321536K, used 178882K [0x0000000080000000, 0x0000000100000000)
  region size 1024K, 11 young (11264K), 11 survivors (11264K)
 Metaspace       used 129919K, committed 132416K, reserved 552960K
  class space    used 17402K, committed 18624K, reserved 421888K
}
Event: 842.006 GC heap before
{Heap before GC invocations=60 (full 0):
 garbage-first heap   total 321536K, used 182978K [0x0000000080000000, 0x0000000100000000)
  region size 1024K, 15 young (15360K), 11 survivors (11264K)
 Metaspace       used 130321K, committed 132800K, reserved 552960K
  class space    used 17442K, committed 18688K, reserved 421888K
}
Event: 842.025 GC heap after
{Heap after GC invocations=61 (full 0):
 garbage-first heap   total 321536K, used 177958K [0x0000000080000000, 0x0000000100000000)
  region size 1024K, 2 young (2048K), 2 survivors (2048K)
 Metaspace       used 130321K, committed 132800K, reserved 552960K
  class space    used 17442K, committed 18688K, reserved 421888K
}
Event: 846.120 GC heap before
{Heap before GC invocations=61 (full 0):
 garbage-first heap   total 321536K, used 261926K [0x0000000080000000, 0x0000000100000000)
  region size 1024K, 85 young (87040K), 2 survivors (2048K)
 Metaspace       used 135329K, committed 137792K, reserved 552960K
  class space    used 18106K, committed 19328K, reserved 421888K
}
Event: 846.139 GC heap after
{Heap after GC invocations=62 (full 0):
 garbage-first heap   total 321536K, used 186505K [0x0000000080000000, 0x0000000100000000)
  region size 1024K, 11 young (11264K), 11 survivors (11264K)
 Metaspace       used 135329K, committed 137792K, reserved 552960K
  class space    used 18106K, committed 19328K, reserved 421888K
}
Event: 850.183 GC heap before
{Heap before GC invocations=63 (full 0):
 garbage-first heap   total 350208K, used 260233K [0x0000000080000000, 0x0000000100000000)
  region size 1024K, 83 young (84992K), 11 survivors (11264K)
 Metaspace       used 136877K, committed 139328K, reserved 552960K
  class space    used 18316K, committed 19520K, reserved 421888K
}
Event: 850.214 GC heap after
{Heap after GC invocations=64 (full 0):
 garbage-first heap   total 350208K, used 195119K [0x0000000080000000, 0x0000000100000000)
  region size 1024K, 10 young (10240K), 10 survivors (10240K)
 Metaspace       used 136877K, committed 139328K, reserved 552960K
  class space    used 18316K, committed 19520K, reserved 421888K
}
Event: 850.735 GC heap before
{Heap before GC invocations=64 (full 0):
 garbage-first heap   total 350208K, used 202287K [0x0000000080000000, 0x0000000100000000)
  region size 1024K, 17 young (17408K), 10 survivors (10240K)
 Metaspace       used 136933K, committed 139392K, reserved 552960K
  class space    used 18317K, committed 19520K, reserved 421888K
}
Event: 850.755 GC heap after
{Heap after GC invocations=65 (full 0):
 garbage-first heap   total 350208K, used 193961K [0x0000000080000000, 0x0000000100000000)
  region size 1024K, 2 young (2048K), 2 survivors (2048K)
 Metaspace       used 136933K, committed 139392K, reserved 552960K
  class space    used 18317K, committed 19520K, reserved 421888K
}
Event: 992.662 GC heap before
{Heap before GC invocations=65 (full 0):
 garbage-first heap   total 350208K, used 284073K [0x0000000080000000, 0x0000000100000000)
  region size 1024K, 91 young (93184K), 2 survivors (2048K)
 Metaspace       used 141668K, committed 144192K, reserved 552960K
  class space    used 18854K, committed 20096K, reserved 421888K
}
Event: 992.673 GC heap after
{Heap after GC invocations=66 (full 0):
 garbage-first heap   total 350208K, used 200279K [0x0000000080000000, 0x0000000100000000)
  region size 1024K, 8 young (8192K), 8 survivors (8192K)
 Metaspace       used 141668K, committed 144192K, reserved 552960K
  class space    used 18854K, committed 20096K, reserved 421888K
}
Event: 994.271 GC heap before
{Heap before GC invocations=67 (full 0):
 garbage-first heap   total 362496K, used 286295K [0x0000000080000000, 0x0000000100000000)
  region size 1024K, 93 young (95232K), 8 survivors (8192K)
 Metaspace       used 150671K, committed 153280K, reserved 618496K
  class space    used 19949K, committed 21248K, reserved 421888K
}
Event: 994.287 GC heap after
{Heap after GC invocations=68 (full 0):
 garbage-first heap   total 362496K, used 207682K [0x0000000080000000, 0x0000000100000000)
  region size 1024K, 8 young (8192K), 8 survivors (8192K)
 Metaspace       used 150671K, committed 153280K, reserved 618496K
  class space    used 19949K, committed 21248K, reserved 421888K
}
Event: 994.420 GC heap before
{Heap before GC invocations=68 (full 0):
 garbage-first heap   total 362496K, used 217922K [0x0000000080000000, 0x0000000100000000)
  region size 1024K, 17 young (17408K), 8 survivors (8192K)
 Metaspace       used 151537K, committed 154112K, reserved 618496K
  class space    used 20062K, committed 21312K, reserved 421888K
}
Event: 994.432 GC heap after
{Heap after GC invocations=69 (full 0):
 garbage-first heap   total 362496K, used 206761K [0x0000000080000000, 0x0000000100000000)
  region size 1024K, 2 young (2048K), 2 survivors (2048K)
 Metaspace       used 151537K, committed 154112K, reserved 618496K
  class space    used 20062K, committed 21312K, reserved 421888K
}
Event: 1002.498 GC heap before
{Heap before GC invocations=69 (full 0):
 garbage-first heap   total 362496K, used 296873K [0x0000000080000000, 0x0000000100000000)
  region size 1024K, 91 young (93184K), 2 survivors (2048K)
 Metaspace       used 157241K, committed 159936K, reserved 618496K
  class space    used 21008K, committed 22336K, reserved 421888K
}

