# JRE version: Java(TM) SE Runtime Environment (18.0.2+9) (build 18.0.2+9-61)
# Java VM: Java HotSpot(TM) 64-Bit Server VM (18.0.2+9-61, mixed mode, sharing, tiered, compressed oops, compressed class ptrs, g1 gc, windows-amd64)
GC Precious Log:
 CardTable entry size: 512
 Card Set container configuration: InlinePtr #cards 5 size 8 Array Of Cards #cards 12 size 40 Howl #buckets 4 coarsen threshold 1843 Howl Bitmap #cards 512 size 80 coarsen threshold 460 Card regions per heap region 1 cards per card region 2048
 CPUs: 4 total, 4 available
 Memory: 8058M
 Large Page Support: Disabled
 NUMA Support: Disabled
 Compressed Oops: Enabled (32-bit)
 Heap Region Size: 1M
 Heap Min Capacity: 8M
 Heap Initial Capacity: 126M
 Heap Max Capacity: 2G
 Pre-touch: Disabled
 Parallel Workers: 4
 Concurrent Workers: 1
 Concurrent Refinement Workers: 4
 Periodic GC: Disabled
Heap:
 garbage-first heap   total 215040K, used 127110K [0x0000000080000000, 0x0000000100000000)
  region size 1024K, 2 young (2048K), 2 survivors (2048K)
 Metaspace       used 92442K, committed 94592K, reserved 552960K
  class space    used 12631K, committed 13696K, reserved 421888K
GC Heap History (20 events):
Event: 49.490 GC heap after
{Heap after GC invocations=40 (full 0):
 garbage-first heap   total 148480K, used 81335K [0x0000000080000000, 0x0000000100000000)
  region size 1024K, 3 young (3072K), 3 survivors (3072K)
 Metaspace       used 76888K, committed 78912K, reserved 552960K
  class space    used 10610K, committed 11648K, reserved 421888K
}
Event: 49.588 GC heap before
{Heap before GC invocations=40 (full 0):
 garbage-first heap   total 148480K, used 85431K [0x0000000080000000, 0x0000000100000000)
  region size 1024K, 7 young (7168K), 3 survivors (3072K)
 Metaspace       used 77299K, committed 79232K, reserved 552960K
  class space    used 10661K, committed 11648K, reserved 421888K
}
Event: 49.591 GC heap after
{Heap after GC invocations=41 (full 0):
 garbage-first heap   total 148480K, used 81808K [0x0000000080000000, 0x0000000100000000)
  region size 1024K, 1 young (1024K), 1 survivors (1024K)
 Metaspace       used 77299K, committed 79232K, reserved 552960K
  class space    used 10661K, committed 11648K, reserved 421888K
}
Event: 50.237 GC heap before
{Heap before GC invocations=41 (full 0):
 garbage-first heap   total 148480K, used 117648K [0x0000000080000000, 0x0000000100000000)
  region size 1024K, 36 young (36864K), 1 survivors (1024K)
 Metaspace       used 78827K, committed 80768K, reserved 552960K
  class space    used 10890K, committed 11904K, reserved 421888K
}
Event: 50.246 GC heap after
{Heap after GC invocations=42 (full 0):
 garbage-first heap   total 178176K, used 85451K [0x0000000080000000, 0x0000000100000000)
  region size 1024K, 4 young (4096K), 4 survivors (4096K)
 Metaspace       used 78827K, committed 80768K, reserved 552960K
  class space    used 10890K, committed 11904K, reserved 421888K
}
Event: 52.064 GC heap before
{Heap before GC invocations=43 (full 0):
 garbage-first heap   total 178176K, used 145867K [0x0000000080000000, 0x0000000100000000)
  region size 1024K, 57 young (58368K), 4 survivors (4096K)
 Metaspace       used 81110K, committed 83200K, reserved 552960K
  class space    used 11155K, committed 12224K, reserved 421888K
}
Event: 52.076 GC heap after
{Heap after GC invocations=44 (full 0):
 garbage-first heap   total 178176K, used 101811K [0x0000000080000000, 0x0000000100000000)
  region size 1024K, 8 young (8192K), 8 survivors (8192K)
 Metaspace       used 81110K, committed 83200K, reserved 552960K
  class space    used 11155K, committed 12224K, reserved 421888K
}
Event: 52.094 GC heap before
{Heap before GC invocations=44 (full 0):
 garbage-first heap   total 178176K, used 102835K [0x0000000080000000, 0x0000000100000000)
  region size 1024K, 9 young (9216K), 8 survivors (8192K)
 Metaspace       used 81131K, committed 83200K, reserved 552960K
  class space    used 11159K, committed 12224K, reserved 421888K
}
Event: 52.104 GC heap after
{Heap after GC invocations=45 (full 0):
 garbage-first heap   total 178176K, used 101941K [0x0000000080000000, 0x0000000100000000)
  region size 1024K, 1 young (1024K), 1 survivors (1024K)
 Metaspace       used 81131K, committed 83200K, reserved 552960K
  class space    used 11159K, committed 12224K, reserved 421888K
}
Event: 53.203 GC heap before
{Heap before GC invocations=45 (full 0):
 garbage-first heap   total 178176K, used 134709K [0x0000000080000000, 0x0000000100000000)
  region size 1024K, 35 young (35840K), 1 survivors (1024K)
 Metaspace       used 82791K, committed 84928K, reserved 552960K
  class space    used 11402K, committed 12480K, reserved 421888K
}
Event: 53.210 GC heap after
{Heap after GC invocations=46 (full 0):
 garbage-first heap   total 178176K, used 105529K [0x0000000080000000, 0x0000000100000000)
  region size 1024K, 5 young (5120K), 5 survivors (5120K)
 Metaspace       used 82791K, committed 84928K, reserved 552960K
  class space    used 11402K, committed 12480K, reserved 421888K
}
Event: 54.176 GC heap before
{Heap before GC invocations=47 (full 0):
 garbage-first heap   total 198656K, used 144441K [0x0000000080000000, 0x0000000100000000)
  region size 1024K, 39 young (39936K), 5 survivors (5120K)
 Metaspace       used 85044K, committed 87232K, reserved 552960K
  class space    used 11679K, committed 12800K, reserved 421888K
}
Event: 54.188 GC heap after
{Heap after GC invocations=48 (full 0):
 garbage-first heap   total 198656K, used 118759K [0x0000000080000000, 0x0000000100000000)
  region size 1024K, 5 young (5120K), 5 survivors (5120K)
 Metaspace       used 85044K, committed 87232K, reserved 552960K
  class space    used 11679K, committed 12800K, reserved 421888K
}
Event: 54.277 GC heap before
{Heap before GC invocations=48 (full 0):
 garbage-first heap   total 198656K, used 122855K [0x0000000080000000, 0x0000000100000000)
  region size 1024K, 9 young (9216K), 5 survivors (5120K)
 Metaspace       used 85281K, committed 87488K, reserved 552960K
  class space    used 11709K, committed 12800K, reserved 421888K
}
Event: 54.283 GC heap after
{Heap after GC invocations=49 (full 0):
 garbage-first heap   total 198656K, used 119759K [0x0000000080000000, 0x0000000100000000)
  region size 1024K, 1 young (1024K), 1 survivors (1024K)
 Metaspace       used 85281K, committed 87488K, reserved 552960K
  class space    used 11709K, committed 12800K, reserved 421888K
}
Event: 55.119 GC heap before
{Heap before GC invocations=49 (full 0):
 garbage-first heap   total 198656K, used 155599K [0x0000000080000000, 0x0000000100000000)
  region size 1024K, 36 young (36864K), 1 survivors (1024K)
 Metaspace       used 88139K, committed 90240K, reserved 552960K
  class space    used 12058K, committed 13120K, reserved 421888K
}
Event: 55.129 GC heap after
{Heap after GC invocations=50 (full 0):
 garbage-first heap   total 198656K, used 123694K [0x0000000080000000, 0x0000000100000000)
  region size 1024K, 5 young (5120K), 5 survivors (5120K)
 Metaspace       used 88139K, committed 90240K, reserved 552960K
  class space    used 12058K, committed 13120K, reserved 421888K
}
Event: 56.332 GC heap before
{Heap before GC invocations=51 (full 0):
 garbage-first heap   total 215040K, used 158510K [0x0000000080000000, 0x0000000100000000)
  region size 1024K, 39 young (39936K), 5 survivors (5120K)
 Metaspace       used 92187K, committed 94336K, reserved 552960K
  class space    used 12606K, committed 13696K, reserved 421888K
}
Event: 56.345 GC heap after
{Heap after GC invocations=52 (full 0):
 garbage-first heap   total 215040K, used 126206K [0x0000000080000000, 0x0000000100000000)
  region size 1024K, 3 young (3072K), 3 survivors (3072K)
 Metaspace       used 92187K, committed 94336K, reserved 552960K
  class space    used 12606K, committed 13696K, reserved 421888K
}
Event: 56.549 GC heap before
{Heap before GC invocations=52 (full 0):
 garbage-first heap   total 215040K, used 133374K [0x0000000080000000, 0x0000000100000000)
  region size 1024K, 10 young (10240K), 3 survivors (3072K)
 Metaspace       used 92442K, committed 94592K, reserved 552960K
  class space    used 12631K, committed 13696K, reserved 421888K
}

